Analysis & Elaboration report for q1
Fri Oct 08 22:56:02 2021
Quartus Prime Version 20.1.0 Build 711 06/05/2020 SJ Lite Edition


---------------------
; Table of Contents ;
---------------------
  1. Legal Notice
  2. Analysis & Elaboration Summary
  3. Parallel Compilation
  4. Analysis & Elaboration Settings
  5. Analysis & Elaboration Messages



----------------
; Legal Notice ;
----------------
Copyright (C) 2020  Intel Corporation. All rights reserved.
Your use of Intel Corporation's design tools, logic functions 
and other software and tools, and any partner logic 
functions, and any output files from any of the foregoing 
(including device programming or simulation files), and any 
associated documentation or information are expressly subject 
to the terms and conditions of the Intel Program License 
Subscription Agreement, the Intel Quartus Prime License Agreement,
the Intel FPGA IP License Agreement, or other applicable license
agreement, including, without limitation, that your use is for
the sole purpose of programming logic devices manufactured by
Intel and sold by Intel or its authorized distributors.  Please
refer to the applicable agreement for further details, at
https://fpgasoftware.intel.com/eula.



+----------------------------------------------------------------------------------+
; Analysis & Elaboration Summary                                                   ;
+------------------------------------+---------------------------------------------+
; Analysis & Elaboration Status      ; Failed - Fri Oct 08 22:56:02 2021           ;
; Quartus Prime Version              ; 20.1.0 Build 711 06/05/2020 SJ Lite Edition ;
; Revision Name                      ; q1                                          ;
; Top-level Entity Name              ; lookahead_behavioral                        ;
; Family                             ; MAX 10                                      ;
; Total logic elements               ; N/A until Partition Merge                   ;
;     Total combinational functions  ; N/A until Partition Merge                   ;
;     Dedicated logic registers      ; N/A until Partition Merge                   ;
; Total registers                    ; N/A until Partition Merge                   ;
; Total pins                         ; N/A until Partition Merge                   ;
; Total virtual pins                 ; N/A until Partition Merge                   ;
; Total memory bits                  ; N/A until Partition Merge                   ;
; Embedded Multiplier 9-bit elements ; N/A until Partition Merge                   ;
; Total PLLs                         ; N/A until Partition Merge                   ;
; UFM blocks                         ; N/A until Partition Merge                   ;
; ADC blocks                         ; N/A until Partition Merge                   ;
+------------------------------------+---------------------------------------------+


+------------------------------------------+
; Parallel Compilation                     ;
+----------------------------+-------------+
; Processors                 ; Number      ;
+----------------------------+-------------+
; Number detected on machine ; 8           ;
; Maximum allowed            ; 4           ;
;                            ;             ;
; Average used               ; 1.00        ;
; Maximum used               ; 1           ;
;                            ;             ;
; Usage by Processor         ; % Time Used ;
;     Processor 1            ; 100.0%      ;
+----------------------------+-------------+


+--------------------------------------------------------------------------------------------------------------+
; Analysis & Elaboration Settings                                                                              ;
+------------------------------------------------------------------+----------------------+--------------------+
; Option                                                           ; Setting              ; Default Value      ;
+------------------------------------------------------------------+----------------------+--------------------+
; Device                                                           ; 10M50DAF484C7G       ;                    ;
; Top-level entity name                                            ; lookahead_behavioral ; q1                 ;
; Family name                                                      ; MAX 10               ; Cyclone V          ;
; Use smart compilation                                            ; Off                  ; Off                ;
; Enable parallel Assembler and Timing Analyzer during compilation ; On                   ; On                 ;
; Enable compact report table                                      ; Off                  ; Off                ;
; Restructure Multiplexers                                         ; Auto                 ; Auto               ;
; Create Debugging Nodes for IP Cores                              ; Off                  ; Off                ;
; Preserve fewer node names                                        ; On                   ; On                 ;
; Intel FPGA IP Evaluation Mode                                    ; Enable               ; Enable             ;
; Verilog Version                                                  ; Verilog_2001         ; Verilog_2001       ;
; VHDL Version                                                     ; VHDL_1993            ; VHDL_1993          ;
; State Machine Processing                                         ; Auto                 ; Auto               ;
; Safe State Machine                                               ; Off                  ; Off                ;
; Extract Verilog State Machines                                   ; On                   ; On                 ;
; Extract VHDL State Machines                                      ; On                   ; On                 ;
; Ignore Verilog initial constructs                                ; Off                  ; Off                ;
; Iteration limit for constant Verilog loops                       ; 5000                 ; 5000               ;
; Iteration limit for non-constant Verilog loops                   ; 250                  ; 250                ;
; Add Pass-Through Logic to Inferred RAMs                          ; On                   ; On                 ;
; Infer RAMs from Raw Logic                                        ; On                   ; On                 ;
; Parallel Synthesis                                               ; On                   ; On                 ;
; DSP Block Balancing                                              ; Auto                 ; Auto               ;
; NOT Gate Push-Back                                               ; On                   ; On                 ;
; Power-Up Don't Care                                              ; On                   ; On                 ;
; Remove Redundant Logic Cells                                     ; Off                  ; Off                ;
; Remove Duplicate Registers                                       ; On                   ; On                 ;
; Ignore CARRY Buffers                                             ; Off                  ; Off                ;
; Ignore CASCADE Buffers                                           ; Off                  ; Off                ;
; Ignore GLOBAL Buffers                                            ; Off                  ; Off                ;
; Ignore ROW GLOBAL Buffers                                        ; Off                  ; Off                ;
; Ignore LCELL Buffers                                             ; Off                  ; Off                ;
; Ignore SOFT Buffers                                              ; On                   ; On                 ;
; Limit AHDL Integers to 32 Bits                                   ; Off                  ; Off                ;
; Optimization Technique                                           ; Balanced             ; Balanced           ;
; Carry Chain Length                                               ; 70                   ; 70                 ;
; Auto Carry Chains                                                ; On                   ; On                 ;
; Auto Open-Drain Pins                                             ; On                   ; On                 ;
; Perform WYSIWYG Primitive Resynthesis                            ; Off                  ; Off                ;
; Auto ROM Replacement                                             ; On                   ; On                 ;
; Auto RAM Replacement                                             ; On                   ; On                 ;
; Auto DSP Block Replacement                                       ; On                   ; On                 ;
; Auto Shift Register Replacement                                  ; Auto                 ; Auto               ;
; Allow Shift Register Merging across Hierarchies                  ; Auto                 ; Auto               ;
; Auto Clock Enable Replacement                                    ; On                   ; On                 ;
; Strict RAM Replacement                                           ; Off                  ; Off                ;
; Allow Synchronous Control Signals                                ; On                   ; On                 ;
; Force Use of Synchronous Clear Signals                           ; Off                  ; Off                ;
; Auto RAM Block Balancing                                         ; On                   ; On                 ;
; Auto RAM to Logic Cell Conversion                                ; Off                  ; Off                ;
; Auto Resource Sharing                                            ; Off                  ; Off                ;
; Allow Any RAM Size For Recognition                               ; Off                  ; Off                ;
; Allow Any ROM Size For Recognition                               ; Off                  ; Off                ;
; Allow Any Shift Register Size For Recognition                    ; Off                  ; Off                ;
; Use LogicLock Constraints during Resource Balancing              ; On                   ; On                 ;
; Ignore translate_off and synthesis_off directives                ; Off                  ; Off                ;
; Timing-Driven Synthesis                                          ; On                   ; On                 ;
; Report Parameter Settings                                        ; On                   ; On                 ;
; Report Source Assignments                                        ; On                   ; On                 ;
; Report Connectivity Checks                                       ; On                   ; On                 ;
; Ignore Maximum Fan-Out Assignments                               ; Off                  ; Off                ;
; Synchronization Register Chain Length                            ; 2                    ; 2                  ;
; Power Optimization During Synthesis                              ; Normal compilation   ; Normal compilation ;
; HDL message level                                                ; Level2               ; Level2             ;
; Suppress Register Optimization Related Messages                  ; Off                  ; Off                ;
; Number of Removed Registers Reported in Synthesis Report         ; 5000                 ; 5000               ;
; Number of Swept Nodes Reported in Synthesis Report               ; 5000                 ; 5000               ;
; Number of Inverted Registers Reported in Synthesis Report        ; 100                  ; 100                ;
; Clock MUX Protection                                             ; On                   ; On                 ;
; Auto Gated Clock Conversion                                      ; Off                  ; Off                ;
; Block Design Naming                                              ; Auto                 ; Auto               ;
; SDC constraint protection                                        ; Off                  ; Off                ;
; Synthesis Effort                                                 ; Auto                 ; Auto               ;
; Shift Register Replacement - Allow Asynchronous Clear Signal     ; On                   ; On                 ;
; Pre-Mapping Resynthesis Optimization                             ; Off                  ; Off                ;
; Analysis & Synthesis Message Level                               ; Medium               ; Medium             ;
; Disable Register Merging Across Hierarchies                      ; Auto                 ; Auto               ;
; Resource Aware Inference For Block RAM                           ; On                   ; On                 ;
+------------------------------------------------------------------+----------------------+--------------------+


+---------------------------------+
; Analysis & Elaboration Messages ;
+---------------------------------+
Info: *******************************************************************
Info: Running Quartus Prime Analysis & Elaboration
    Info: Version 20.1.0 Build 711 06/05/2020 SJ Lite Edition
    Info: Processing started: Fri Oct 08 22:55:55 2021
Info: Command: quartus_map --read_settings_files=on --write_settings_files=off q1 -c q1 --analysis_and_elaboration
Warning (18236): Number of processors has not been specified which may cause overloading on shared machines.  Set the global assignment NUM_PARALLEL_PROCESSORS in your QSF to an appropriate value for best performance.
Info (20030): Parallel compilation is enabled and will use 4 of the 4 processors detected
Info (12021): Found 1 design units, including 1 entities, in source file ha_gatelevel.v
    Info (12023): Found entity 1: ha_gatelevel File: C:/Users/Aadharsh K Xavier/Documents/Quartus Prime/assg2/q1/ha_gatelevel.v Line: 1
Info (12021): Found 1 design units, including 1 entities, in source file ha_gatelevel_tb.v
    Info (12023): Found entity 1: ha_gatelevel_tb File: C:/Users/Aadharsh K Xavier/Documents/Quartus Prime/assg2/q1/ha_gatelevel_tb.v Line: 1
Info (12021): Found 1 design units, including 1 entities, in source file ha_dataflow.v
    Info (12023): Found entity 1: ha_dataflow File: C:/Users/Aadharsh K Xavier/Documents/Quartus Prime/assg2/q1/ha_dataflow.v Line: 1
Info (12021): Found 1 design units, including 1 entities, in source file ha_dataflow_tb.v
    Info (12023): Found entity 1: ha_dataflow_tb File: C:/Users/Aadharsh K Xavier/Documents/Quartus Prime/assg2/q1/ha_dataflow_tb.v Line: 1
Info (12021): Found 1 design units, including 1 entities, in source file ha_behavioral.v
    Info (12023): Found entity 1: ha_behavioral File: C:/Users/Aadharsh K Xavier/Documents/Quartus Prime/assg2/q1/ha_behavioral.v Line: 1
Info (12021): Found 1 design units, including 1 entities, in source file ha_behavioral_tb.v
    Info (12023): Found entity 1: ha_behavioral_tb File: C:/Users/Aadharsh K Xavier/Documents/Quartus Prime/assg2/q1/ha_behavioral_tb.v Line: 1
Info (12021): Found 1 design units, including 1 entities, in source file fa_gatelevel.v
    Info (12023): Found entity 1: fa_gatelevel File: C:/Users/Aadharsh K Xavier/Documents/Quartus Prime/assg2/q1/fa_gatelevel.v Line: 1
Info (12021): Found 1 design units, including 1 entities, in source file fa_gatelevel_tb.v
    Info (12023): Found entity 1: fa_gatelevel_tb File: C:/Users/Aadharsh K Xavier/Documents/Quartus Prime/assg2/q1/fa_gatelevel_tb.v Line: 1
Info (12021): Found 1 design units, including 1 entities, in source file fa_dataflow.v
    Info (12023): Found entity 1: fa_dataflow File: C:/Users/Aadharsh K Xavier/Documents/Quartus Prime/assg2/q1/fa_dataflow.v Line: 1
Info (12021): Found 1 design units, including 1 entities, in source file fa_dataflow_tb.v
    Info (12023): Found entity 1: fa_dataflow_tb File: C:/Users/Aadharsh K Xavier/Documents/Quartus Prime/assg2/q1/fa_dataflow_tb.v Line: 1
Info (12021): Found 1 design units, including 1 entities, in source file fa_behavioral.v
    Info (12023): Found entity 1: fa_behavioral File: C:/Users/Aadharsh K Xavier/Documents/Quartus Prime/assg2/q1/fa_behavioral.v Line: 1
Info (12021): Found 1 design units, including 1 entities, in source file fa_behavioral_tb.v
    Info (12023): Found entity 1: fa_behavioral_tb File: C:/Users/Aadharsh K Xavier/Documents/Quartus Prime/assg2/q1/fa_behavioral_tb.v Line: 1
Info (12021): Found 1 design units, including 1 entities, in source file ripple_carry_gatelevel32.v
    Info (12023): Found entity 1: ripple_carry_gatelevel32 File: C:/Users/Aadharsh K Xavier/Documents/Quartus Prime/assg2/q1/ripple_carry_gatelevel32.v Line: 1
Info (12021): Found 1 design units, including 1 entities, in source file ripple_carry_gatelevel32_tb.v
    Info (12023): Found entity 1: ripple_carry_gatelevel32_tb File: C:/Users/Aadharsh K Xavier/Documents/Quartus Prime/assg2/q1/ripple_carry_gatelevel32_tb.v Line: 1
Info (12021): Found 1 design units, including 1 entities, in source file ripple_carry_dataflow32.v
    Info (12023): Found entity 1: ripple_carry_dataflow32 File: C:/Users/Aadharsh K Xavier/Documents/Quartus Prime/assg2/q1/ripple_carry_dataflow32.v Line: 1
Info (12021): Found 1 design units, including 1 entities, in source file ripple_carry_dataflow32_tb.v
    Info (12023): Found entity 1: ripple_carry_dataflow32_tb File: C:/Users/Aadharsh K Xavier/Documents/Quartus Prime/assg2/q1/ripple_carry_dataflow32_tb.v Line: 1
Info (12021): Found 1 design units, including 1 entities, in source file ripple_carry_behavioral32.v
    Info (12023): Found entity 1: ripple_carry_behavioral32 File: C:/Users/Aadharsh K Xavier/Documents/Quartus Prime/assg2/q1/ripple_carry_behavioral32.v Line: 1
Info (12021): Found 1 design units, including 1 entities, in source file ripple_carry_behavioral32_tb.v
    Info (12023): Found entity 1: ripple_carry_behavioral32_tb File: C:/Users/Aadharsh K Xavier/Documents/Quartus Prime/assg2/q1/ripple_carry_behavioral32_tb.v Line: 1
Info (12021): Found 1 design units, including 1 entities, in source file lookahead_gatelevel.v
    Info (12023): Found entity 1: lookahead_gatelevel File: C:/Users/Aadharsh K Xavier/Documents/Quartus Prime/assg2/q1/lookahead_gatelevel.v Line: 1
Info (12021): Found 1 design units, including 1 entities, in source file lookahead_gatelevel_tb.v
    Info (12023): Found entity 1: lookahead_gatelevel_tb File: C:/Users/Aadharsh K Xavier/Documents/Quartus Prime/assg2/q1/lookahead_gatelevel_tb.v Line: 1
Info (12021): Found 1 design units, including 1 entities, in source file lookahead_dataflow.v
    Info (12023): Found entity 1: lookahead_dataflow File: C:/Users/Aadharsh K Xavier/Documents/Quartus Prime/assg2/q1/lookahead_dataflow.v Line: 1
Info (12021): Found 1 design units, including 1 entities, in source file lookahead_dataflow_tb.v
    Info (12023): Found entity 1: lookahead_dataflow_tb File: C:/Users/Aadharsh K Xavier/Documents/Quartus Prime/assg2/q1/lookahead_dataflow_tb.v Line: 1
Info (12021): Found 1 design units, including 1 entities, in source file lookahead_behavioral.v
    Info (12023): Found entity 1: lookahead_behavioral File: C:/Users/Aadharsh K Xavier/Documents/Quartus Prime/assg2/q1/lookahead_behavioral.v Line: 1
Info (12021): Found 1 design units, including 1 entities, in source file lookahead_behavioral_tb.v
    Info (12023): Found entity 1: lookahead_behavioral_tb File: C:/Users/Aadharsh K Xavier/Documents/Quartus Prime/assg2/q1/lookahead_behavioral_tb.v Line: 1
Error (10137): Verilog HDL Procedural Assignment error at lookahead_behavioral.v(21): object "c" on left-hand side of assignment must have a variable data type File: C:/Users/Aadharsh K Xavier/Documents/Quartus Prime/assg2/q1/lookahead_behavioral.v Line: 21
Error (10137): Verilog HDL Procedural Assignment error at lookahead_behavioral.v(24): object "c" on left-hand side of assignment must have a variable data type File: C:/Users/Aadharsh K Xavier/Documents/Quartus Prime/assg2/q1/lookahead_behavioral.v Line: 24
Error (10137): Verilog HDL Procedural Assignment error at lookahead_behavioral.v(27): object "c" on left-hand side of assignment must have a variable data type File: C:/Users/Aadharsh K Xavier/Documents/Quartus Prime/assg2/q1/lookahead_behavioral.v Line: 27
Error: Quartus Prime Analysis & Elaboration was unsuccessful. 3 errors, 1 warning
    Error: Peak virtual memory: 4702 megabytes
    Error: Processing ended: Fri Oct 08 22:56:02 2021
    Error: Elapsed time: 00:00:07
    Error: Total CPU time (on all processors): 00:00:18


